*------------------------------------------------------------*
* Score Log
Date:                November 21, 2017
Time:                18:09:57
*------------------------------------------------------------*
11621  proc transpose data=EMWS1.Clus_OUTVAR out=WORK.Clus_OUTVAR(rename=(COl2=NAME) where=(COL1='IMPUTED'));
11622  var MeanHHSz--RegDens;
11623  where _TYPE_ in('TYPE' 'VARIABLE');
11624  run;

NOTE: There were 2 observations read from the data set EMWS1.CLUS_OUTVAR.
      WHERE _TYPE_ in ('TYPE', 'VARIABLE');
NOTE: The data set WORK.CLUS_OUTVAR has 0 observations and 4 variables.
NOTE: PROCEDURE TRANSPOSE used (Total process time):
      real time           0.02 seconds
      cpu time            0.00 seconds
      

11625  proc sort data=WORK.Clus_OUTVAR;
11626  by NAME;
11627  run;

NOTE: Input data set is empty.
NOTE: The data set WORK.CLUS_OUTVAR has 0 observations and 4 variables.
NOTE: PROCEDURE SORT used (Total process time):
      real time           0.00 seconds
      cpu time            0.00 seconds
      

11628  proc sort data=EMWS1.Clus_VariableSet(KEEP=NAME ROLE LEVEL) out=WORK.Clus_SORTEDVARS;
11629  by NAME;
11630  run;

NOTE: There were 7 observations read from the data set EMWS1.CLUS_VARIABLESET.
NOTE: The data set WORK.CLUS_SORTEDVARS has 7 observations and 3 variables.
NOTE: PROCEDURE SORT used (Total process time):
      real time           0.04 seconds
      cpu time            0.00 seconds
      

11631  data WORK.Clus_OUTVAR;
11632  merge WORK.Clus_OUTVAR(in=INVAR) WORK.Clus_SORTEDVARS;
11633  by NAME;
11634  if INVAR then output;
11635  run;

WARNING: Multiple lengths were specified for the BY variable NAME by input data sets. This might cause unexpected results.
NOTE: There were 0 observations read from the data set WORK.CLUS_OUTVAR.
NOTE: There were 7 observations read from the data set WORK.CLUS_SORTEDVARS.
NOTE: The data set WORK.CLUS_OUTVAR has 0 observations and 6 variables.
NOTE: DATA statement used (Total process time):
      real time           0.05 seconds
      cpu time            0.01 seconds
      

NOTE: This SAS session is using a registry in WORK.  All changes will be lost at the end of this session.
11636  filename emflow "C:\Users\5981538926\Desktop\sasProject\Workspaces\EMWS1\Clus\EMFLOWSCORE.sas";
11637  *------------------------------------------------------------*;
11638  * Clus: Scoring DATA data;
11639  *------------------------------------------------------------*;
11640  data EMWS1.Clus_TRAIN
11641  / view=EMWS1.Clus_TRAIN
11642  ;
11643  set EMWS1.Filter_TRAIN
11644  ;
11645  %inc emflow;
11768  run;

NOTE: DATA STEP view saved on file EMWS1.CLUS_TRAIN.
NOTE: A stored DATA STEP view cannot run under a different operating system.
NOTE: View EMWS1.FILTER_TRAIN.VIEW used (Total process time):
      real time           0.05 seconds
      cpu time            0.06 seconds
      
NOTE: DATA statement used (Total process time):
      real time           0.07 seconds
      cpu time            0.06 seconds
      

11769  quit;
11770  filename emflow;
NOTE: Fileref EMFLOW has been deassigned.

11771  *------------------------------------------------------------*;
11772  * Clus: Computing metadata for TRAIN data;
11773  *------------------------------------------------------------*;

NOTE: View EMWS1.CLUS_TRAIN.VIEW used (Total process time):
      real time           0.10 seconds
      cpu time            0.10 seconds
      
NOTE: View EMWS1.CLUS_TRAIN.VIEW used (Total process time):
      real time           0.07 seconds
      cpu time            0.07 seconds
      
