 
                                                                                                                                                                                                                                                                
 
 
Variable Summary

            Measurement    Frequency
Role           Level         Count

ID           NOMINAL           1    
INPUT        INTERVAL          6    
REJECTED     INTERVAL          1    
REJECTED     NOMINAL           1    
SEGMENT      NOMINAL           1    
 
                                                                                                                                                                                                                                                                
 
 
Frequencies: _SEGMENT_

                                     Percent of
 Segment     Segment    Frequency       Total
Variable      Value       Count       Frequency

_SEGMENT_    4              9009       28.0680 
_SEGMENT_    7              6443       20.0735 
_SEGMENT_    10             5168       16.1012 
_SEGMENT_    1              4715       14.6898 
_SEGMENT_    8              3714       11.5712 
_SEGMENT_    5              1503        4.6827 
_SEGMENT_    _OTHER_        1545        4.8135 
 
                                                                                                                                                                                                                                                                
 
Variable: _SEGMENT_ Segment: 4 Count: 9009
Decision Tree Importance Profiles

Variable     Worth     Rank

RegDens     0.18246      1 
MeanHHSz    0.06143      2 
MedHHInc    0.03149      3 
 
                                                                                                                                                                                                                                                                
 
Variable: _SEGMENT_ Segment: 7 Count: 6443
Decision Tree Importance Profiles

Variable     Worth     Rank

RegDens     0.10479      1 
MedHHInc    0.04438      2 
MeanHHSz    0.03696      3 
 
                                                                                                                                                                                                                                                                
 
Variable: _SEGMENT_ Segment: 10 Count: 5168
Decision Tree Importance Profiles

Variable      Worth     Rank

RegDens     0.096143      1 
MeanHHSz    0.072397      2 
MedHHInc    0.027800      3 
 
                                                                                                                                                                                                                                                                
 
Variable: _SEGMENT_ Segment: 1 Count: 4715
Decision Tree Importance Profiles

Variable      Worth     Rank

MeanHHSz    0.065804      1 
RegDens     0.052849      2 
MedHHInc    0.006878      3 
 
                                                                                                                                                                                                                                                                
 
Variable: _SEGMENT_ Segment: 8 Count: 3714
Decision Tree Importance Profiles

Variable     Worth     Rank

MedHHInc    0.14483      1 
RegDens     0.02656      2 
MeanHHSz    0.00922      3 
 
                                                                                                                                                                                                                                                                
 
Variable: _SEGMENT_ Segment: 5 Count: 1503
Decision Tree Importance Profiles

Variable      Worth     Rank

MeanHHSz    0.040966      1 
RegDens     0.004932      2 
MedHHInc    0.001221      3 
 
                                                                                                                                                                                                                                                                
 
Variable: _SEGMENT_ Segment: _OTHER_ Count: 1545
Decision Tree Importance Profiles

Variable      Worth     Rank

MedHHInc    0.053585      1 
MeanHHSz    0.022985      2 
RegDens     0.002534      3 
