*------------------------------------------------------------*
* Score Log
Date:                November 21, 2017
Time:                19:07:41
*------------------------------------------------------------*
11714  *------------------------------------------------------------*;
11715  * Assoc: Scoring DATA data;
11716  *------------------------------------------------------------*;
11717  data EMWS1.Assoc_TRANSACTION
11718  / view=EMWS1.Assoc_TRANSACTION
11719  ;
11720  set EMWS1.Ids2_DATA
11721  ;
11722  run;

NOTE: DATA STEP view saved on file EMWS1.ASSOC_TRANSACTION.
NOTE: A stored DATA STEP view cannot run under a different operating system.
NOTE: View EMWS1.IDS2_DATA.VIEW used (Total process time):
      real time           0.03 seconds
      cpu time            0.03 seconds
      
NOTE: DATA statement used (Total process time):
      real time           0.04 seconds
      cpu time            0.03 seconds
      

11723  quit;

11724  *------------------------------------------------------------*;
11725  * Assoc: Computing metadata for TRAIN data;
11726  *------------------------------------------------------------*;

12066  data EMWS1.Assoc_EMINFO;
12067  length TARGET KEY $32 DATA $43;
12068  TARGET='';
12069  KEY='ASSOCIATION';
12070  DATA="Assoc";
12071  output;
12072  run;

NOTE: The data set EMWS1.ASSOC_EMINFO has 1 observations and 3 variables.
NOTE: DATA statement used (Total process time):
      real time           0.00 seconds
      cpu time            0.00 seconds
      

12073  *------------------------------------------------------------*;
12074  * Assoc: Computing metadata for TRANSACTION data;
12075  *------------------------------------------------------------*;

NOTE: View EMWS1.ASSOC_TRANSACTION.VIEW used (Total process time):
      real time           0.08 seconds
      cpu time            0.07 seconds
      
12407  data EMWS1.Assoc_EMINFO;
12408  length TARGET KEY $32 DATA $43;
12409  TARGET='';
12410  KEY='ASSOCIATION';
12411  DATA="Assoc";
12412  output;
12413  run;

NOTE: The data set EMWS1.ASSOC_EMINFO has 1 observations and 3 variables.
NOTE: DATA statement used (Total process time):
      real time           0.00 seconds
      cpu time            0.00 seconds
      

12414  proc sort data = EMWS1.Ids2_EMINFO OUT=WORK.SORTEDEMINFO NOTHREADS;
12415  by TARGET KEY;
12416  run;

NOTE: There were 1 observations read from the data set EMWS1.IDS2_EMINFO.
NOTE: The data set WORK.SORTEDEMINFO has 1 observations and 3 variables.
NOTE: PROCEDURE SORT used (Total process time):
      real time           0.01 seconds
      cpu time            0.00 seconds
      

12417  proc sort data = EMWS1.Assoc_EMINFO OUT=WORK.TEMP_INFO NOTHREADS;
12418  by TARGET KEY;
12419  run;

NOTE: There were 1 observations read from the data set EMWS1.ASSOC_EMINFO.
NOTE: The data set WORK.TEMP_INFO has 1 observations and 3 variables.
NOTE: PROCEDURE SORT used (Total process time):
      real time           0.01 seconds
      cpu time            0.00 seconds
      

12420  data EMWS1.Assoc_EMINFO;
12421  merge WORK.SORTEDEMINFO WORK.TEMP_INFO;
12422  by TARGET KEY;
12423  run;

NOTE: There were 1 observations read from the data set WORK.SORTEDEMINFO.
NOTE: There were 1 observations read from the data set WORK.TEMP_INFO.
NOTE: The data set EMWS1.ASSOC_EMINFO has 2 observations and 3 variables.
NOTE: DATA statement used (Total process time):
      real time           0.01 seconds
      cpu time            0.00 seconds
      

12424  proc datasets lib=work nolist;
12425  delete TEMP_INFO SORTEDEMINFO;
12426  run;

NOTE: Deleting WORK.TEMP_INFO (memtype=DATA).
NOTE: Deleting WORK.SORTEDEMINFO (memtype=DATA).
12427  quit;

NOTE: PROCEDURE DATASETS used (Total process time):
      real time           0.01 seconds
      cpu time            0.00 seconds
      

NOTE: View EMWS1.ASSOC_TRANSACTION.VIEW used (Total process time):
      real time           0.04 seconds
      cpu time            0.04 seconds
      
