 
                                                                                                                                                                                                                                                                
 
 
Variable Summary

            Measurement    Frequency
Role           Level         Count

ID           INTERVAL          1    
SEQUENCE     INTERVAL          1    
TARGET       NOMINAL           1    
 
                                                                                                                                                                                                                                                                
 
 
Association Report

              Expected
             Confidence    Confidence    Support              Transaction                                                            Right Hand            Rule     Rule        Rule        Rule         Rule      Rule
Relations       (%)           (%)          (%)        Lift       Count       Rule                            Left Hand of Rule       of Rule              Item 1    Item 2      Item 3      Item 4      Item 5    Index

      3         11.30         37.57        5.58       3.33      446.00       CKING & CCRD ==> CKCRD          CKING & CCRD            CKCRD                CKING     CCRD        =======>    CKCRD                    2 
      3         14.85         49.39        5.58       3.33      446.00       CKCRD ==> CKING & CCRD          CKCRD                   CKING & CCRD         CKCRD     =======>    CKING       CCRD                     1 
      2         15.48         49.39        5.58       3.19      446.00       CKCRD ==> CCRD                  CKCRD                   CCRD                 CKCRD     =======>    CCRD                                 3 
      3         15.48         49.39        5.58       3.19      446.00       CKING & CKCRD ==> CCRD          CKING & CKCRD           CCRD                 CKING     CKCRD       =======>    CCRD                     4 
      2         11.30         36.05        5.58       3.19      446.00       CCRD ==> CKCRD                  CCRD                    CKCRD                CCRD      =======>    CKCRD                                5 
      3         11.30         36.05        5.58       3.19      446.00       CCRD ==> CKING & CKCRD          CCRD                    CKING & CKCRD        CCRD      =======>    CKING       CKCRD                    6 
      3         14.85         28.12        4.63       1.89      370.00       HMEQLC ==> CKING & CCRD         HMEQLC                  CKING & CCRD         HMEQLC    =======>    CKING       CCRD                     7 
      3         16.47         31.17        4.63       1.89      370.00       CKING & CCRD ==> HMEQLC         CKING & CCRD            HMEQLC               CKING     CCRD        =======>    HMEQLC                   8 
      2         15.48         28.12        4.63       1.82      370.00       HMEQLC ==> CCRD                 HMEQLC                  CCRD                 HMEQLC    =======>    CCRD                                 9 
      3         15.48         28.12        4.63       1.82      370.00       HMEQLC & CKING ==> CCRD         HMEQLC & CKING          CCRD                 HMEQLC    CKING       =======>    CCRD                    10 
      2         16.47         29.91        4.63       1.82      370.00       CCRD ==> HMEQLC                 CCRD                    HMEQLC               CCRD      =======>    HMEQLC                              11 
      3         16.47         29.91        4.63       1.82      370.00       CCRD ==> HMEQLC & CKING         CCRD                    HMEQLC & CKING       CCRD      =======>    HMEQLC      CKING                   12 
      4         36.19         54.66        6.09       1.51      487.00       SVG & HMEQLC ==> CKING & ATM    SVG & HMEQLC            CKING & ATM          SVG       HMEQLC      =======>    CKING       ATM         13 
      4         11.15         16.84        6.09       1.51      487.00       CKING & ATM ==> SVG & HMEQLC    CKING & ATM             SVG & HMEQLC         CKING     ATM         =======>    SVG         HMEQLC      14 
      4         16.47         24.52        6.09       1.49      487.00       SVG & CKING & ATM ==> HMEQLC    SVG & CKING & ATM       HMEQLC               SVG       CKING       ATM         =======>    HMEQLC      15 
      4         24.85         37.01        6.09       1.49      487.00       HMEQLC ==> SVG & CKING & ATM    HMEQLC                  SVG & CKING & ATM    HMEQLC    =======>    SVG         CKING       ATM         16 
      3         16.47         23.72        6.09       1.44      487.00       SVG & ATM ==> HMEQLC            SVG & ATM               HMEQLC               SVG       ATM         =======>    HMEQLC                  17 
      4         16.47         23.72        6.09       1.44      487.00       SVG & ATM ==> HMEQLC & CKING    SVG & ATM               HMEQLC & CKING       SVG       ATM         =======>    HMEQLC      CKING       18 
      3         25.69         37.01        6.09       1.44      487.00       HMEQLC ==> SVG & ATM            HMEQLC                  SVG & ATM            HMEQLC    =======>    SVG         ATM                     19 
      4         25.69         37.01        6.09       1.44      487.00       HMEQLC & CKING ==> SVG & ATM    HMEQLC & CKING          SVG & ATM            HMEQLC    CKING       =======>    SVG         ATM         20 
      3         36.19         51.82        8.53       1.43      682.00       HMEQLC ==> CKING & ATM          HMEQLC                  CKING & ATM          HMEQLC    =======>    CKING       ATM                     21 
      3         16.47         23.58        8.53       1.43      682.00       CKING & ATM ==> HMEQLC          CKING & ATM             HMEQLC               CKING     ATM         =======>    HMEQLC                  22 
      3         38.46         54.66        6.09       1.42      487.00       SVG & HMEQLC ==> ATM            SVG & HMEQLC            ATM                  SVG       HMEQLC      =======>    ATM                     24 
      4         38.46         54.66        6.09       1.42      487.00       SVG & HMEQLC & CKING ==> ATM    SVG & HMEQLC & CKING    ATM                  SVG       HMEQLC      CKING       =======>    ATM         26 
      3         11.15         15.85        6.09       1.42      487.00       ATM ==> SVG & HMEQLC            ATM                     SVG & HMEQLC         ATM       =======>    SVG         HMEQLC                  23 
 
                                                                                                                                                                                                                                                                
 
 
Rule Statistics

The MEANS Procedure

Variable    Label                          Minimum         Maximum            Mean
----------------------------------------------------------------------------------
EXP_CONF    Expected Confidence(%)       8.5220873      85.7840070      40.6686072
CONF        Confidence(%)               10.2844639     100.0000000      46.1472200
SUPPORT     Support(%)                   4.3548993      54.1734451       9.2372410
LIFT        Lift                         0.7165531       3.3250449       1.2038371
----------------------------------------------------------------------------------
 
                                                                                                                                                                                                                                                                
 
Sequence Report

The FREQ Procedure

                          Relations
 
                                     Cumulative    Cumulative
SET_SIZE    Frequency     Percent     Frequency      Percent
-------------------------------------------------------------
       2          51       30.18            51        30.18  
       3          95       56.21           146        86.39  
       4          23       13.61           169       100.00  
