*------------------------------------------------------------*
* Training Log
Date:                November 21, 2017
Time:                19:07:38
*------------------------------------------------------------*
11406  proc freq data=EMWS1.Assoc_VariableSet noprint;
11407  table ROLE*LEVEL/out=WORK.AssocMETA;
11408  run;

NOTE: There were 3 observations read from the data set EMWS1.ASSOC_VARIABLESET.
NOTE: The data set WORK.ASSOCMETA has 3 observations and 4 variables.
NOTE: PROCEDURE FREQ used (Total process time):
      real time           0.05 seconds
      cpu time            0.00 seconds
      

11409  proc print data=WORK.AssocMETA label noobs;
11410  var ROLE LEVEL COUNT;
11411  label ROLE = "%sysfunc(sasmsg(sashelp.dmine, meta_role_vlabel, NOQUOTE))" LEVEL = "%sysfunc(sasmsg(sashelp.dmine, meta_level_vlabel, NOQUOTE))" COUNT = "%sysfunc(sasmsg(sashelp.dmine, rpt_count_vlabel, NOQUOTE))";
11412  title9 ' ';
11413  title10 "%sysfunc(sasmsg(sashelp.dmine, rpt_varSummary_title  , NOQUOTE))";
11414  run;

NOTE: There were 3 observations read from the data set WORK.ASSOCMETA.
NOTE: The PROCEDURE PRINT printed page 1.
NOTE: PROCEDURE PRINT used (Total process time):
      real time           0.00 seconds
      cpu time            0.01 seconds
      

11415  title10;

11423  *------------------------------------------------------------*;
11424  * Assoc: Sorting Training Data;
11425  *------------------------------------------------------------*;
11426  proc sort data=EMWS1.Ids2_DATA(keep= SERVICE ACCOUNT) out=WORK.SORTEDTRAIN;
11427  by ACCOUNT;
11428  run;

NOTE: There were 32367 observations read from the data set EMWS1.IDS2_DATA.
NOTE: View EMWS1.IDS2_DATA.VIEW used (Total process time):
      real time           0.07 seconds
      cpu time            0.01 seconds
      
NOTE: There were 32367 observations read from the data set MYDATA.BANK.
NOTE: The data set WORK.SORTEDTRAIN has 32367 observations and 2 variables.
NOTE: PROCEDURE SORT used (Total process time):
      real time           0.09 seconds
      cpu time            0.04 seconds
      

11429  *------------------------------------------------------------* ;
11430  * EM: DMDBClass Macro ;
11431  *------------------------------------------------------------* ;
11432  %macro DMDBClass;
11433      SERVICE(DESC)
11434  %mend DMDBClass;
11435  *------------------------------------------------------------* ;
11436  * EM: DMDBVar Macro ;
11437  *------------------------------------------------------------* ;
11438  %macro DMDBVar;
11439  
11440  %mend DMDBVar;
11441  *------------------------------------------------------------*;
11442  * EM: Create DMDB;
11443  *------------------------------------------------------------*;
11444  proc dmdb batch data=WORK.SORTEDTRAIN
11445  dmdbcat=WORK.EM_DMDB
11446  maxlevel = 100001
11447  normlen= 256
11448  out=WORK.EM_DMDB
11449  ;
11450  id
11451  ACCOUNT
11452  ;
11453  class %DMDBClass;
11454  target
11455  SERVICE
11456  ;
11457  run;

NOTE: Records processed = 32367   Memory used = 511K.
NOTE: There were 32367 observations read from the data set WORK.SORTEDTRAIN.
NOTE: The data set WORK.EM_DMDB has 32367 observations and 2 variables.
NOTE: PROCEDURE DMDB used (Total process time):
      real time           0.17 seconds
      cpu time            0.00 seconds
      

11458  quit;

number_of_elements=0 
number_of_elements=1 
11459  options nocleanup;
11460  proc assoc dmdb dmdbcat=WORK.EM_DMDB out=EMWS1.Assoc_ASSOC data=WORK.EM_DMDB
11461  pctsup = 5
11462  items=4
11463  ;
11464  customer
11465  ACCOUNT
11466  ;
11467  target
11468  SERVICE
11469  ;
11470  run;


----- Potential 1 item sets = 13 -----
Counting items, records read:    32367
Number of customers:              7991
Support level for item sets:       342
Maximum count for a set:          6855
Sets meeting support level:         12
Megs of memory used:              0.51

----- Potential 2 item sets = 66 -----
Counting items, records read:    32367
Maximum count for a set:          4329
Sets meeting support level:         28
Megs of memory used:              0.51

----- Potential 3 item sets = 27 -----
Counting items, records read:    32367
Maximum count for a set:          1986
Sets meeting support level:         19
Megs of memory used:              0.51

----- Potential 4 item sets = 2 -----
Counting items, records read:    32367
Maximum count for a set:           487
Sets meeting support level:          2
Megs of memory used:              0.51
NOTE: The data set EMWS1.ASSOC_ASSOC has 62 observations and 6 variables.
NOTE: PROCEDURE ASSOC used (Total process time):
      real time           0.05 seconds
      cpu time            0.01 seconds
      

11471  quit;
11472  
11473  

11474  proc rulegen in = EMWS1.Assoc_ASSOC out=EMWS1.Assoc_RULE minconf = 10
11475  ;
11476  run;

write set 1
write set 2
write set 3
write set 4
NOTE: There were 62 observations read from the data set EMWS1.ASSOC_ASSOC.
NOTE: The data set EMWS1.ASSOC_RULE has 181 observations and 14 variables.
NOTE: PROCEDURE RULEGEN used (Total process time):
      real time           0.01 seconds
      cpu time            0.00 seconds
      

11477  quit;
11478  

11479  *------------------------------------------------------------*;
11480  * Assoc: Selecting rules;
11481  *------------------------------------------------------------*;
11482  proc sort data=EMWS1.Assoc_RULE;
11483  by descending LIFT;
11484  where SET_SIZE>1;
11485  run;

NOTE: There were 169 observations read from the data set EMWS1.ASSOC_RULE.
      WHERE SET_SIZE>1;
NOTE: The data set EMWS1.ASSOC_RULE has 169 observations and 14 variables.
NOTE: PROCEDURE SORT used (Total process time):
      real time           0.00 seconds
      cpu time            0.01 seconds
      

11486  data WORK.ASSOCSUBSET;
11487  set EMWS1.Assoc_RULE(obs=181);
11488  index=_N_;
11489  label index = "%sysfunc(sasmsg(sashelp.dmine, rpt_ruleIndex_vlabel,  NOQUOTE))";
11490  label _LHAND = "%sysfunc(sasmsg(sashelp.dmine, rpt_leftHandSide_vlabel,  NOQUOTE))";
11491  label _RHAND = "%sysfunc(sasmsg(sashelp.dmine, rpt_rightHandSide_vlabel,  NOQUOTE))";
11492  run;

NOTE: There were 169 observations read from the data set EMWS1.ASSOC_RULE.
NOTE: The data set WORK.ASSOCSUBSET has 169 observations and 15 variables.
NOTE: DATA statement used (Total process time):
      real time           0.01 seconds
      cpu time            0.00 seconds
      

11493  *------------------------------------------------------------*;
11494  * Assoc: Creating Links and Nodes data sets;
11495  *------------------------------------------------------------*;
11496  data EMWS1.Assoc_LINKS(keep=LINKID _LHAND _RHAND LIFT EXP_CONF CONF SUPPORT COUNT rename=(_RHAND=TO _LHAND=FROM)) WORK.LEFT(keep=_LHAND rename=(_LHAND=ITEM)) WORK.RIGHT(keep=_RHAND rename=(_RHAND=ITEM));
11497  label _RHAND= "%sysfunc(sasmsg(sashelp.dmine, rpt_to_vlabel ,            NOQUOTE))" _LHAND= "%sysfunc(sasmsg(sashelp.dmine, rpt_from_vlabel,           NOQUOTE))";
11498  set WORK.ASSOCSUBSET;
11499  label LINKID = "%sysfunc(sasmsg(sashelp.dmine, rpt_varclus_label_linkid , NOQUOTE))";
11500  LINKID = _N_;
11501  run;

NOTE: There were 169 observations read from the data set WORK.ASSOCSUBSET.
NOTE: The data set EMWS1.ASSOC_LINKS has 169 observations and 8 variables.
NOTE: The data set WORK.LEFT has 169 observations and 1 variables.
NOTE: The data set WORK.RIGHT has 169 observations and 1 variables.
NOTE: DATA statement used (Total process time):
      real time           0.02 seconds
      cpu time            0.01 seconds
      

11502  data WORK.ASSOCTEMP;
11503  set WORK.LEFT WORK.RIGHT;
11504  where ITEM ne '';
11505  run;

NOTE: There were 169 observations read from the data set WORK.LEFT.
      WHERE ITEM not = ' ';
NOTE: There were 169 observations read from the data set WORK.RIGHT.
      WHERE ITEM not = ' ';
NOTE: The data set WORK.ASSOCTEMP has 338 observations and 1 variables.
NOTE: DATA statement used (Total process time):
      real time           0.00 seconds
      cpu time            0.01 seconds
      

11506  proc sort data=WORK.ASSOCTEMP nodup;
11507  by ITEM;
11508  run;

NOTE: There were 338 observations read from the data set WORK.ASSOCTEMP.
NOTE: 292 duplicate observations were deleted.
NOTE: The data set WORK.ASSOCTEMP has 46 observations and 1 variables.
NOTE: PROCEDURE SORT used (Total process time):
      real time           0.00 seconds
      cpu time            0.00 seconds
      

11509  data WORK.ITEMS (keep=ITEM COUNT);
11510  set EMWS1.Assoc_ASSOC;
11511  where set_size=1;
11512  ITEM = ITEM1;
11513  run;

NOTE: There were 12 observations read from the data set EMWS1.ASSOC_ASSOC.
      WHERE set_size=1;
NOTE: The data set WORK.ITEMS has 12 observations and 2 variables.
NOTE: DATA statement used (Total process time):
      real time           0.00 seconds
      cpu time            0.01 seconds
      

11514  proc sort data=WORK.ITEMS;
11515  by ITEM;
11516  run;

NOTE: There were 12 observations read from the data set WORK.ITEMS.
NOTE: The data set WORK.ITEMS has 12 observations and 2 variables.
NOTE: PROCEDURE SORT used (Total process time):
      real time           0.00 seconds
      cpu time            0.00 seconds
      

11517  data EMWS1.Assoc_NODES;
11518  merge WORK.ASSOCTEMP(in=a) WORK.ITEMS;
11519  by ITEM;
11520  if COUNT=. then COUNT=-1;
11521  if a then output;
11522  label ITEM = "%sysfunc(sasmsg(sashelp.dmine, rpt_item_vlabel ,     NOQUOTE))" COUNT = "%sysfunc(sasmsg(sashelp.dmine, rpt_count_vlabel ,    NOQUOTE))";
11523  run;

NOTE: There were 46 observations read from the data set WORK.ASSOCTEMP.
NOTE: There were 12 observations read from the data set WORK.ITEMS.
NOTE: The data set EMWS1.ASSOC_NODES has 46 observations and 2 variables.
NOTE: DATA statement used (Total process time):
      real time           0.01 seconds
      cpu time            0.01 seconds
      

11524  *------------------------------------------------------------*;
11525  * Assoc: Creating Rules data set;
11526  *------------------------------------------------------------*;
11527  proc sort data=WORK.ASSOCSUBSET out=EMWS1.Assoc_RULES;
11528  by descending LIFT _RHAND;
11529  run;

NOTE: There were 169 observations read from the data set WORK.ASSOCSUBSET.
NOTE: The data set EMWS1.ASSOC_RULES has 169 observations and 15 variables.
NOTE: PROCEDURE SORT used (Total process time):
      real time           0.03 seconds
      cpu time            0.00 seconds
      

11530  *------------------------------------------------------------*;
11531  * Assoc: Marking Rules to Transpose;
11532  *------------------------------------------------------------*;
11533  data EMWS1.Assoc_RULES;
11534  set EMWS1.Assoc_RULES;
11535  label Transpose= "%sysfunc(sasmsg(sashelp.dmine, rpt_transposeRule_vlabel,  NOQUOTE))";
11536  if _N_ <= 181 then Transpose=1;
11537  else Transpose=0;
11538  run;

NOTE: There were 169 observations read from the data set EMWS1.ASSOC_RULES.
NOTE: The data set EMWS1.ASSOC_RULES has 169 observations and 16 variables.
NOTE: DATA statement used (Total process time):
      real time           0.01 seconds
      cpu time            0.00 seconds
      

11539  %let numtransrules = 0;
11540  data ruleid;
11541  set EMWS1.Assoc_RULES(where=(transpose=1)) end=eof;
11542  ruleid = _N_;
11543  drop transpose;
11544  if eof then call symput('numtransrules', strip(put(_N_, best.)));
11545  run;

NOTE: There were 169 observations read from the data set EMWS1.ASSOC_RULES.
      WHERE transpose=1;
NOTE: The data set WORK.RULEID has 169 observations and 16 variables.
NOTE: DATA statement used (Total process time):
      real time           0.00 seconds
      cpu time            0.00 seconds
      

11546  *------------------------------------------------------------*;
11547  * Assoc: Creating RULEMAP and TRAIN data sets;
11548  *------------------------------------------------------------*;
11549  proc mbscore data=WORK.SORTEDTRAIN out=score_ruleid INCLUDE ALL_ID;
11550  customer ACCOUNT;
11551  target SERVICE;
11552  ;
11553  rules data=work.ruleid;
11554  run;

NOTE: Formats on CUSTOMER/ID variable(s) are not supported.
WARNING: Format BEST is ignored.
NOTE: The data set WORK.RULEID has 169 observations and 16 variables.
NOTE: The data set WORK.SCORE_RULEID has 126064 observations and 2 variables.
NOTE: PROCEDURE MBSCORE used (Total process time):
      real time           0.11 seconds
      cpu time            0.01 seconds
      

11555  data EMWS1.Assoc_TRAIN;
11556  set score_ruleid;
11557  array _r{169} _r1-_r169 (169*0);
11558  by ACCOUNT;
11559  if first.ACCOUNT then do;
11560  do i=1 to 169;
11561  _r[i]=0;
11562  end;
11563  end;
11564  if ruleid ne . then _r[ruleid]=1;
11565  if last.ACCOUNT then output;
11566  drop i ruleid;
11567  run;

NOTE: There were 126064 observations read from the data set WORK.SCORE_RULEID.
NOTE: The data set EMWS1.ASSOC_TRAIN has 7991 observations and 170 variables.
NOTE: DATA statement used (Total process time):
      real time           0.05 seconds
      cpu time            0.04 seconds
      

11568  data _null_;
11569  set ruleid end = eof;
11570  if _N_=1 then do;
11571  call execute("proc datasets lib=EMWS1 nolist;");
11572  call execute("   modify Assoc_TRAIN;");
11573  end;
11574  call execute("   rename _r"!!strip(put(_N_, best.))!!"= RULE"!!strip(put(INDEX, best.))!!";");
11575  call execute("   label  RULE"!!strip(put(INDEX, best.))!!'='!!quote(RULE)!!";");
11576  if eof then do;
11577  call execute("run;");
11578  call execute("quit;");
11579  end;
11580  run;

NOTE: There were 169 observations read from the data set WORK.RULEID.
NOTE: DATA statement used (Total process time):
      real time           0.00 seconds
      cpu time            0.00 seconds
      

NOTE: CALL EXECUTE generated line.
1     + proc datasets lib=EMWS1 nolist;
2     +    modify Assoc_TRAIN;
3     +    rename _r1= RULE2;
NOTE: Renaming variable _r1 to RULE2.
4     +    label  RULE2="CKING & CCRD ==> CKCRD                     ";
5     +    rename _r2= RULE1;
NOTE: Renaming variable _r2 to RULE1.
6     +    label  RULE1="CKCRD ==> CKING & CCRD                     ";
7     +    rename _r3= RULE3;
NOTE: Renaming variable _r3 to RULE3.
8     +    label  RULE3="CKCRD ==> CCRD                             ";
9     +    rename _r4= RULE4;
NOTE: Renaming variable _r4 to RULE4.
10    +    label  RULE4="CKING & CKCRD ==> CCRD                     ";
11    +    rename _r5= RULE5;
NOTE: Renaming variable _r5 to RULE5.
12    +    label  RULE5="CCRD ==> CKCRD                             ";
13    +    rename _r6= RULE6;
NOTE: Renaming variable _r6 to RULE6.
14    +    label  RULE6="CCRD ==> CKING & CKCRD                     ";
15    +    rename _r7= RULE7;
NOTE: Renaming variable _r7 to RULE7.
16    +    label  RULE7="HMEQLC ==> CKING & CCRD                    ";
17    +    rename _r8= RULE8;
NOTE: Renaming variable _r8 to RULE8.
18    +    label  RULE8="CKING & CCRD ==> HMEQLC                    ";
19    +    rename _r9= RULE9;
NOTE: Renaming variable _r9 to RULE9.
20    +    label  RULE9="HMEQLC ==> CCRD                            ";
21    +    rename _r10= RULE10;
NOTE: Renaming variable _r10 to RULE10.
22    +    label  RULE10="HMEQLC & CKING ==> CCRD                    ";
23    +    rename _r11= RULE11;
NOTE: Renaming variable _r11 to RULE11.
24    +    label  RULE11="CCRD ==> HMEQLC                            ";
25    +    rename _r12= RULE12;
NOTE: Renaming variable _r12 to RULE12.
26    +    label  RULE12="CCRD ==> HMEQLC & CKING                    ";
27    +    rename _r13= RULE13;
NOTE: Renaming variable _r13 to RULE13.
28    +    label  RULE13="SVG & HMEQLC ==> CKING & ATM               ";
29    +    rename _r14= RULE14;
NOTE: Renaming variable _r14 to RULE14.
30    +    label  RULE14="CKING & ATM ==> SVG & HMEQLC               ";
31    +    rename _r15= RULE15;
NOTE: Renaming variable _r15 to RULE15.
32    +    label  RULE15="SVG & CKING & ATM ==> HMEQLC               ";
33    +    rename _r16= RULE16;
NOTE: Renaming variable _r16 to RULE16.
34    +    label  RULE16="HMEQLC ==> SVG & CKING & ATM               ";
35    +    rename _r17= RULE17;
NOTE: Renaming variable _r17 to RULE17.
36    +    label  RULE17="SVG & ATM ==> HMEQLC                       ";
37    +    rename _r18= RULE18;
NOTE: Renaming variable _r18 to RULE18.
38    +    label  RULE18="SVG & ATM ==> HMEQLC & CKING               ";
39    +    rename _r19= RULE19;
NOTE: Renaming variable _r19 to RULE19.
40    +    label  RULE19="HMEQLC ==> SVG & ATM                       ";
41    +    rename _r20= RULE20;
NOTE: Renaming variable _r20 to RULE20.
42    +    label  RULE20="HMEQLC & CKING ==> SVG & ATM               ";
43    +    rename _r21= RULE21;
NOTE: Renaming variable _r21 to RULE21.
44    +    label  RULE21="HMEQLC ==> CKING & ATM                     ";
45    +    rename _r22= RULE22;
NOTE: Renaming variable _r22 to RULE22.
46    +    label  RULE22="CKING & ATM ==> HMEQLC                     ";
47    +    rename _r23= RULE24;
NOTE: Renaming variable _r23 to RULE24.
48    +    label  RULE24="SVG & HMEQLC ==> ATM                       ";
49    +    rename _r24= RULE26;
NOTE: Renaming variable _r24 to RULE26.
50    +    label  RULE26="SVG & HMEQLC & CKING ==> ATM               ";
51    +    rename _r25= RULE23;
NOTE: Renaming variable _r25 to RULE23.
52    +    label  RULE23="ATM ==> SVG & HMEQLC                       ";
53    +    rename _r26= RULE25;
NOTE: Renaming variable _r26 to RULE25.
54    +    label  RULE25="ATM ==> SVG & HMEQLC & CKING               ";
55    +    rename _r27= RULE27;
NOTE: Renaming variable _r27 to RULE27.
56    +    label  RULE27="CD & ATM ==> SVG & CKING                   ";
57    +    rename _r28= RULE28;
NOTE: Renaming variable _r28 to RULE28.
58    +    label  RULE28="ATM ==> HMEQLC                             ";
59    +    rename _r29= RULE29;
NOTE: Renaming variable _r29 to RULE29.
60    +    label  RULE29="ATM ==> HMEQLC & CKING                     ";
61    +    rename _r30= RULE30;
NOTE: Renaming variable _r30 to RULE30.
62    +    label  RULE30="HMEQLC ==> ATM                             ";
63    +    rename _r31= RULE31;
NOTE: Renaming variable _r31 to RULE31.
64    +    label  RULE31="HMEQLC & CKING ==> ATM                     ";
65    +    rename _r32= RULE33;
NOTE: Renaming variable _r32 to RULE33.
66    +    label  RULE33="CKING & AUTO ==> ATM                       ";
67    +    rename _r33= RULE32;
NOTE: Renaming variable _r33 to RULE32.
68    +    label  RULE32="ATM ==> CKING & AUTO                       ";
69    +    rename _r34= RULE34;
NOTE: Renaming variable _r34 to RULE34.
70    +    label  RULE34="HMEQLC & ATM ==> SVG & CKING               ";
71    +    rename _r35= RULE35;
NOTE: Renaming variable _r35 to RULE35.
72    +    label  RULE35="SVG & CKING ==> HMEQLC & ATM               ";
73    +    rename _r36= RULE36;
NOTE: Renaming variable _r36 to RULE36.
74    +    label  RULE36="CKCRD ==> SVG & CKING                      ";
75    +    rename _r37= RULE37;
NOTE: Renaming variable _r37 to RULE37.
76    +    label  RULE37="SVG & CKING ==> CKCRD                      ";
77    +    rename _r38= RULE39;
NOTE: Renaming variable _r38 to RULE39.
78    +    label  RULE39="CKING & ATM ==> AUTO                       ";
79    +    rename _r39= RULE38;
NOTE: Renaming variable _r39 to RULE38.
80    +    label  RULE38="AUTO ==> CKING & ATM                       ";
81    +    rename _r40= RULE40;
NOTE: Renaming variable _r40 to RULE40.
82    +    label  RULE40="CKING & CD ==> MMDA                        ";
83    +    rename _r41= RULE41;
NOTE: Renaming variable _r41 to RULE41.
84    +    label  RULE41="MMDA ==> CKING & CD                        ";
85    +    rename _r42= RULE42;
NOTE: Renaming variable _r42 to RULE42.
86    +    label  RULE42="AUTO ==> ATM                               ";
87    +    rename _r43= RULE43;
NOTE: Renaming variable _r43 to RULE43.
88    +    label  RULE43="ATM ==> AUTO                               ";
89    +    rename _r44= RULE45;
NOTE: Renaming variable _r44 to RULE45.
90    +    label  RULE45="SVG & CKING ==> HMEQLC                     ";
91    +    rename _r45= RULE44;
NOTE: Renaming variable _r45 to RULE44.
92    +    label  RULE44="HMEQLC ==> SVG & CKING                     ";
93    +    rename _r46= RULE46;
NOTE: Renaming variable _r46 to RULE46.
94    +    label  RULE46="CD & ATM ==> SVG                           ";
95    +    rename _r47= RULE47;
NOTE: Renaming variable _r47 to RULE47.
96    +    label  RULE47="CKING & CD & ATM ==> SVG                   ";
97    +    rename _r48= RULE49;
NOTE: Renaming variable _r48 to RULE49.
98    +    label  RULE49="MMDA & CKING ==> CD                        ";
99    +    rename _r49= RULE48;
NOTE: Renaming variable _r49 to RULE48.
100   +    label  RULE48="CD ==> MMDA & CKING                        ";
101   +    rename _r50= RULE50;
NOTE: Renaming variable _r50 to RULE50.
102   +    label  RULE50="ATM ==> SVG & CKING                        ";
103   +    rename _r51= RULE51;
NOTE: Renaming variable _r51 to RULE51.
104   +    label  RULE51="SVG & CKING ==> ATM                        ";
105   +    rename _r52= RULE52;
NOTE: Renaming variable _r52 to RULE52.
106   +    label  RULE52="SVG & CKING ==> CCRD                       ";
107   +    rename _r53= RULE53;
NOTE: Renaming variable _r53 to RULE53.
108   +    label  RULE53="CCRD ==> SVG & CKING                       ";
109   +    rename _r54= RULE55;
NOTE: Renaming variable _r54 to RULE55.
110   +    label  RULE55="SVG & CKING ==> AUTO                       ";
111   +    rename _r55= RULE54;
NOTE: Renaming variable _r55 to RULE54.
112   +    label  RULE54="AUTO ==> SVG & CKING                       ";
113   +    rename _r56= RULE56;
NOTE: Renaming variable _r56 to RULE56.
114   +    label  RULE56="CD ==> MMDA                                ";
115   +    rename _r57= RULE57;
NOTE: Renaming variable _r57 to RULE57.
116   +    label  RULE57="MMDA ==> CD                                ";
117   +    rename _r58= RULE59;
NOTE: Renaming variable _r58 to RULE59.
118   +    label  RULE59="CKING ==> CKCRD                            ";
119   +    rename _r59= RULE58;
NOTE: Renaming variable _r59 to RULE58.
120   +    label  RULE58="CKING ==> HMEQLC                           ";
121   +    rename _r60= RULE60;
NOTE: Renaming variable _r60 to RULE60.
122   +    label  RULE60="HMEQLC ==> CKING                           ";
123   +    rename _r61= RULE61;
NOTE: Renaming variable _r61 to RULE61.
124   +    label  RULE61="CKCRD ==> CKING                            ";
125   +    rename _r62= RULE63;
NOTE: Renaming variable _r62 to RULE63.
126   +    label  RULE63="SVG & HMEQLC ==> CKING                     ";
127   +    rename _r63= RULE64;
NOTE: Renaming variable _r63 to RULE64.
128   +    label  RULE64="HMEQLC & ATM ==> CKING                     ";
129   +    rename _r64= RULE65;
NOTE: Renaming variable _r64 to RULE65.
130   +    label  RULE65="SVG & CKCRD ==> CKING                      ";
131   +    rename _r65= RULE66;
NOTE: Renaming variable _r65 to RULE66.
132   +    label  RULE66="CKCRD & CCRD ==> CKING                     ";
133   +    rename _r66= RULE67;
NOTE: Renaming variable _r66 to RULE67.
134   +    label  RULE67="HMEQLC & CCRD ==> CKING                    ";
135   +    rename _r67= RULE68;
NOTE: Renaming variable _r67 to RULE68.
136   +    label  RULE68="SVG & HMEQLC & ATM ==> CKING               ";
137   +    rename _r68= RULE62;
NOTE: Renaming variable _r68 to RULE62.
138   +    label  RULE62="CKING ==> SVG & HMEQLC                     ";
139   +    rename _r69= RULE69;
NOTE: Renaming variable _r69 to RULE69.
140   +    label  RULE69="MTG ==> SVG & CKING                        ";
141   +    rename _r70= RULE70;
NOTE: Renaming variable _r70 to RULE70.
142   +    label  RULE70="HMEQLC & ATM ==> SVG                       ";
143   +    rename _r71= RULE71;
NOTE: Renaming variable _r71 to RULE71.
144   +    label  RULE71="HMEQLC & CKING & ATM ==> SVG               ";
145   +    rename _r72= RULE72;
NOTE: Renaming variable _r72 to RULE72.
146   +    label  RULE72="CD & ATM ==> CKING                         ";
147   +    rename _r73= RULE73;
NOTE: Renaming variable _r73 to RULE73.
148   +    label  RULE73="MTG ==> CKING                              ";
149   +    rename _r74= RULE74;
NOTE: Renaming variable _r74 to RULE74.
150   +    label  RULE74="SVG ==> CKCRD                              ";
151   +    rename _r75= RULE76;
NOTE: Renaming variable _r75 to RULE76.
152   +    label  RULE76="SVG ==> CKING & CKCRD                      ";
153   +    rename _r76= RULE75;
NOTE: Renaming variable _r76 to RULE75.
154   +    label  RULE75="CKCRD ==> SVG                              ";
155   +    rename _r77= RULE77;
NOTE: Renaming variable _r77 to RULE77.
156   +    label  RULE77="CKING & CKCRD ==> SVG                      ";
157   +    rename _r78= RULE79;
NOTE: Renaming variable _r78 to RULE79.
158   +    label  RULE79="SVG & CCRD ==> CKING                       ";
159   +    rename _r79= RULE80;
NOTE: Renaming variable _r79 to RULE80.
160   +    label  RULE80="SVG & CD & ATM ==> CKING                   ";
161   +    rename _r80= RULE78;
NOTE: Renaming variable _r80 to RULE78.
162   +    label  RULE78="CKING ==> SVG & CCRD                       ";
163   +    rename _r81= RULE81;
NOTE: Renaming variable _r81 to RULE81.
164   +    label  RULE81="CCRD & ATM ==> CKING                       ";
165   +    rename _r82= RULE82;
NOTE: Renaming variable _r82 to RULE82.
166   +    label  RULE82="AUTO & ATM ==> CKING                       ";
167   +    rename _r83= RULE83;
NOTE: Renaming variable _r83 to RULE83.
168   +    label  RULE83="SVG & MTG ==> CKING                        ";
169   +    rename _r84= RULE84;
NOTE: Renaming variable _r84 to RULE84.
170   +    label  RULE84="SVG & AUTO ==> CKING                       ";
171   +    rename _r85= RULE85;
NOTE: Renaming variable _r85 to RULE85.
172   +    label  RULE85="CKING & AUTO ==> SVG                       ";
173   +    rename _r86= RULE86;
NOTE: Renaming variable _r86 to RULE86.
174   +    label  RULE86="MMDA & ATM ==> CKING                       ";
175   +    rename _r87= RULE88;
NOTE: Renaming variable _r87 to RULE88.
176   +    label  RULE88="SVG & ATM ==> CKING                        ";
177   +    rename _r88= RULE87;
NOTE: Renaming variable _r88 to RULE87.
178   +    label  RULE87="CKING ==> SVG & ATM                        ";
179   +    rename _r89= RULE89;
NOTE: Renaming variable _r89 to RULE89.
180   +    label  RULE89="CKING ==> CCRD                             ";
181   +    rename _r90= RULE90;
NOTE: Renaming variable _r90 to RULE90.
182   +    label  RULE90="CCRD ==> CKING                             ";
183   +    rename _r91= RULE91;
NOTE: Renaming variable _r91 to RULE91.
184   +    label  RULE91="TRUST ==> CKING                            ";
185   +    rename _r92= RULE92;
NOTE: Renaming variable _r92 to RULE92.
186   +    label  RULE92="SVG ==> CKING & ATM                        ";
187   +    rename _r93= RULE93;
NOTE: Renaming variable _r93 to RULE93.
188   +    label  RULE93="CKING & ATM ==> SVG                        ";
189   +    rename _r94= RULE94;
NOTE: Renaming variable _r94 to RULE94.
190   +    label  RULE94="SVG & MMDA ==> CKING                       ";
191   +    rename _r95= RULE95;
NOTE: Renaming variable _r95 to RULE95.
192   +    label  RULE95="CKING & CD ==> SVG                         ";
193   +    rename _r96= RULE96;
NOTE: Renaming variable _r96 to RULE96.
194   +    label  RULE96="SVG ==> CKING & CD                         ";
195   +    rename _r97= RULE97;
NOTE: Renaming variable _r97 to RULE97.
196   +    label  RULE97="ATM ==> CKING                              ";
197   +    rename _r98= RULE98;
NOTE: Renaming variable _r98 to RULE98.
198   +    label  RULE98="CKING ==> ATM                              ";
199   +    rename _r99= RULE99;
NOTE: Renaming variable _r99 to RULE99.
200   +    label  RULE99="SVG ==> HMEQLC                             ";
201   +    rename _r100= RULE101;
NOTE: Renaming variable _r100 to RULE101.
202   +    label  RULE101="SVG ==> HMEQLC & CKING                     ";
203   +    rename _r101= RULE100;
NOTE: Renaming variable _r101 to RULE100.
204   +    label  RULE100="HMEQLC ==> SVG                             ";
205   +    rename _r102= RULE102;
NOTE: Renaming variable _r102 to RULE102.
206   +    label  RULE102="HMEQLC & CKING ==> SVG                     ";
207   +    rename _r103= RULE103;
NOTE: Renaming variable _r103 to RULE103.
208   +    label  RULE103="IRA & CKING ==> SVG                        ";
209   +    rename _r104= RULE104;
NOTE: Renaming variable _r104 to RULE104.
210   +    label  RULE104="SVG ==> CKING & CCRD                       ";
211   +    rename _r105= RULE105;
NOTE: Renaming variable _r105 to RULE105.
212   +    label  RULE105="CKING & CCRD ==> SVG                       ";
213   +    rename _r106= RULE106;
NOTE: Renaming variable _r106 to RULE106.
214   +    label  RULE106="SVG & IRA ==> CKING                        ";
215   +    rename _r107= RULE107;
NOTE: Renaming variable _r107 to RULE107.
216   +    label  RULE107="ATM ==> SVG                                ";
217   +    rename _r108= RULE108;
NOTE: Renaming variable _r108 to RULE108.
218   +    label  RULE108="SVG ==> ATM                                ";
219   +    rename _r109= RULE110;
NOTE: Renaming variable _r109 to RULE110.
220   +    label  RULE110="SVG & CKING ==> CD                         ";
221   +    rename _r110= RULE109;
NOTE: Renaming variable _r110 to RULE109.
222   +    label  RULE109="CD ==> SVG & CKING                         ";
223   +    rename _r111= RULE111;
NOTE: Renaming variable _r111 to RULE111.
224   +    label  RULE111="AUTO ==> CKING                             ";
225   +    rename _r112= RULE112;
NOTE: Renaming variable _r112 to RULE112.
226   +    label  RULE112="AUTO ==> SVG                               ";
227   +    rename _r113= RULE113;
NOTE: Renaming variable _r113 to RULE113.
228   +    label  RULE113="SVG ==> CCRD                               ";
229   +    rename _r114= RULE114;
NOTE: Renaming variable _r114 to RULE114.
230   +    label  RULE114="CCRD ==> SVG                               ";
231   +    rename _r115= RULE115;
NOTE: Renaming variable _r115 to RULE115.
232   +    label  RULE115="MMDA & CD ==> CKING                        ";
233   +    rename _r116= RULE117;
NOTE: Renaming variable _r116 to RULE117.
234   +    label  RULE117="SVG & CD ==> CKING                         ";
235   +    rename _r117= RULE116;
NOTE: Renaming variable _r117 to RULE116.
236   +    label  RULE116="CKING ==> SVG & CD                         ";
237   +    rename _r118= RULE118;
NOTE: Renaming variable _r118 to RULE118.
238   +    label  RULE118="MTG ==> SVG                                ";
239   +    rename _r119= RULE119;
NOTE: Renaming variable _r119 to RULE119.
240   +    label  RULE119="MTG & CKING ==> SVG                        ";
241   +    rename _r120= RULE120;
NOTE: Renaming variable _r120 to RULE120.
242   +    label  RULE120="MMDA ==> CKING                             ";
243   +    rename _r121= RULE121;
NOTE: Renaming variable _r121 to RULE121.
244   +    label  RULE121="CKING ==> MMDA                             ";
245   +    rename _r122= RULE122;
NOTE: Renaming variable _r122 to RULE122.
246   +    label  RULE122="SVG ==> CD                                 ";
247   +    rename _r123= RULE123;
NOTE: Renaming variable _r123 to RULE123.
248   +    label  RULE123="CD ==> SVG                                 ";
249   +    rename _r124= RULE124;
NOTE: Renaming variable _r124 to RULE124.
250   +    label  RULE124="CKING ==> SVG                              ";
251   +    rename _r125= RULE125;
NOTE: Renaming variable _r125 to RULE125.
252   +    label  RULE125="SVG ==> CKING                              ";
253   +    rename _r126= RULE126;
NOTE: Renaming variable _r126 to RULE126.
254   +    label  RULE126="IRA ==> SVG & CKING                        ";
255   +    rename _r127= RULE127;
NOTE: Renaming variable _r127 to RULE127.
256   +    label  RULE127="SVG & CKING ==> IRA                        ";
257   +    rename _r128= RULE128;
NOTE: Renaming variable _r128 to RULE128.
258   +    label  RULE128="CKING ==> CD                               ";
259   +    rename _r129= RULE129;
NOTE: Renaming variable _r129 to RULE129.
260   +    label  RULE129="CD ==> CKING                               ";
261   +    rename _r130= RULE130;
NOTE: Renaming variable _r130 to RULE130.
262   +    label  RULE130="SVG & ATM ==> CKING & CD                   ";
263   +    rename _r131= RULE131;
NOTE: Renaming variable _r131 to RULE131.
264   +    label  RULE131="CKING & CD ==> SVG & ATM                   ";
265   +    rename _r132= RULE132;
NOTE: Renaming variable _r132 to RULE132.
266   +    label  RULE132="ATM ==> SVG & CKING & CD                   ";
267   +    rename _r133= RULE133;
NOTE: Renaming variable _r133 to RULE133.
268   +    label  RULE133="SVG & CKING & CD ==> ATM                   ";
269   +    rename _r134= RULE134;
NOTE: Renaming variable _r134 to RULE134.
270   +    label  RULE134="IRA ==> SVG                                ";
271   +    rename _r135= RULE135;
NOTE: Renaming variable _r135 to RULE135.
272   +    label  RULE135="SVG ==> IRA                                ";
273   +    rename _r136= RULE136;
NOTE: Renaming variable _r136 to RULE136.
274   +    label  RULE136="IRA ==> CKING                              ";
275   +    rename _r137= RULE137;
NOTE: Renaming variable _r137 to RULE137.
276   +    label  RULE137="CKING ==> IRA                              ";
277   +    rename _r138= RULE138;
NOTE: Renaming variable _r138 to RULE138.
278   +    label  RULE138="CKING & ATM ==> SVG & CD                   ";
279   +    rename _r139= RULE139;
NOTE: Renaming variable _r139 to RULE139.
280   +    label  RULE139="SVG & CD ==> CKING & ATM                   ";
281   +    rename _r140= RULE140;
NOTE: Renaming variable _r140 to RULE140.
282   +    label  RULE140="ATM ==> SVG & CD                           ";
283   +    rename _r141= RULE141;
NOTE: Renaming variable _r141 to RULE141.
284   +    label  RULE141="SVG & CD ==> ATM                           ";
285   +    rename _r142= RULE143;
NOTE: Renaming variable _r142 to RULE143.
286   +    label  RULE143="CKING & CD ==> ATM                         ";
287   +    rename _r143= RULE142;
NOTE: Renaming variable _r143 to RULE142.
288   +    label  RULE142="ATM ==> CKING & CD                         ";
289   +    rename _r144= RULE144;
NOTE: Renaming variable _r144 to RULE144.
290   +    label  RULE144="CKING & ATM ==> CCRD                       ";
291   +    rename _r145= RULE145;
NOTE: Renaming variable _r145 to RULE145.
292   +    label  RULE145="CCRD ==> CKING & ATM                       ";
293   +    rename _r146= RULE146;
NOTE: Renaming variable _r146 to RULE146.
294   +    label  RULE146="ATM ==> MMDA & CKING                       ";
295   +    rename _r147= RULE147;
NOTE: Renaming variable _r147 to RULE147.
296   +    label  RULE147="MMDA & CKING ==> ATM                       ";
297   +    rename _r148= RULE148;
NOTE: Renaming variable _r148 to RULE148.
298   +    label  RULE148="CD ==> SVG & CKING & ATM                   ";
299   +    rename _r149= RULE149;
NOTE: Renaming variable _r149 to RULE149.
300   +    label  RULE149="SVG & CKING & ATM ==> CD                   ";
301   +    rename _r150= RULE150;
NOTE: Renaming variable _r150 to RULE150.
302   +    label  RULE150="CD ==> SVG & ATM                           ";
303   +    rename _r151= RULE151;
NOTE: Renaming variable _r151 to RULE151.
304   +    label  RULE151="SVG & ATM ==> CD                           ";
305   +    rename _r152= RULE153;
NOTE: Renaming variable _r152 to RULE153.
306   +    label  RULE153="CKING & CCRD ==> ATM                       ";
307   +    rename _r153= RULE152;
NOTE: Renaming variable _r153 to RULE152.
308   +    label  RULE152="ATM ==> CKING & CCRD                       ";
309   +    rename _r154= RULE154;
NOTE: Renaming variable _r154 to RULE154.
310   +    label  RULE154="ATM ==> CCRD                               ";
311   +    rename _r155= RULE155;
NOTE: Renaming variable _r155 to RULE155.
312   +    label  RULE155="CCRD ==> ATM                               ";
313   +    rename _r156= RULE156;
NOTE: Renaming variable _r156 to RULE156.
314   +    label  RULE156="MMDA ==> CKING & ATM                       ";
315   +    rename _r157= RULE157;
NOTE: Renaming variable _r157 to RULE157.
316   +    label  RULE157="CKING & ATM ==> MMDA                       ";
317   +    rename _r158= RULE158;
NOTE: Renaming variable _r158 to RULE158.
318   +    label  RULE158="ATM ==> MMDA                               ";
319   +    rename _r159= RULE159;
NOTE: Renaming variable _r159 to RULE159.
320   +    label  RULE159="MMDA ==> ATM                               ";
321   +    rename _r160= RULE160;
NOTE: Renaming variable _r160 to RULE160.
322   +    label  RULE160="CKING & ATM ==> CD                         ";
323   +    rename _r161= RULE161;
NOTE: Renaming variable _r161 to RULE161.
324   +    label  RULE161="CD ==> CKING & ATM                         ";
325   +    rename _r162= RULE162;
NOTE: Renaming variable _r162 to RULE162.
326   +    label  RULE162="MMDA ==> SVG & CKING                       ";
327   +    rename _r163= RULE163;
NOTE: Renaming variable _r163 to RULE163.
328   +    label  RULE163="SVG & CKING ==> MMDA                       ";
329   +    rename _r164= RULE164;
NOTE: Renaming variable _r164 to RULE164.
330   +    label  RULE164="SVG ==> MMDA & CKING                       ";
331   +    rename _r165= RULE165;
NOTE: Renaming variable _r165 to RULE165.
332   +    label  RULE165="MMDA & CKING ==> SVG                       ";
333   +    rename _r166= RULE166;
NOTE: Renaming variable _r166 to RULE166.
334   +    label  RULE166="ATM ==> CD                                 ";
335   +    rename _r167= RULE167;
NOTE: Renaming variable _r167 to RULE167.
336   +    label  RULE167="CD ==> ATM                                 ";
337   +    rename _r168= RULE168;
NOTE: Renaming variable _r168 to RULE168.
338   +    label  RULE168="SVG ==> MMDA                               ";
339   +    rename _r169= RULE169;
NOTE: Renaming variable _r169 to RULE169.
340   +    label  RULE169="MMDA ==> SVG                               ";
341   + run;

NOTE: MODIFY was successful for EMWS1.ASSOC_TRAIN.DATA.
342   + quit;

NOTE: PROCEDURE DATASETS used (Total process time):
      real time           0.05 seconds
      cpu time            0.00 seconds
      

11581  proc datasets lib=work nolist;
11582  delete score_ruleid ruleid;
11583  run;

NOTE: Deleting WORK.SCORE_RULEID (memtype=DATA).
NOTE: Deleting WORK.RULEID (memtype=DATA).
11584  quit;

NOTE: PROCEDURE DATASETS used (Total process time):
      real time           0.00 seconds
      cpu time            0.00 seconds
      

11585  %let numtransrules = 0;
11586  data WORK.RULEID;
11587  set EMWS1.Assoc_RULES(where=(transpose=1)) end=eof;
11588  ruleid = _N_;
11589  drop transpose;
11590  if eof then call symput('numtransrules', strip(put(_N_, best.)));
11591  run;

NOTE: There were 169 observations read from the data set EMWS1.ASSOC_RULES.
      WHERE transpose=1;
NOTE: The data set WORK.RULEID has 169 observations and 16 variables.
NOTE: DATA statement used (Total process time):
      real time           0.00 seconds
      cpu time            0.00 seconds
      

NOTE: This SAS session is using a registry in WORK.  All changes will be lost at the end of this session.
11592  proc print data = EMWS1.Assoc_RULES(drop=Transpose obs=25) noobs label;
11593  title9 ' ';
11594  title10 "%sysfunc(sasmsg(sashelp.dmine, rpt_association_title  , NOQUOTE))";
11595  run;

NOTE: There were 25 observations read from the data set EMWS1.ASSOC_RULES.
NOTE: The PROCEDURE PRINT printed page 2.
NOTE: PROCEDURE PRINT used (Total process time):
      real time           0.00 seconds
      cpu time            0.00 seconds
      

11596  proc means data=EMWS1.Assoc_RULES min max mean;
11597  var exp_conf conf support lift;
11598  title9 ' ';
11599  title10 "%sysfunc(sasmsg(sashelp.dmine, rpt_ruleStatistics_title  , NOQUOTE))";
11600  run;

NOTE: There were 169 observations read from the data set EMWS1.ASSOC_RULES.
NOTE: The PROCEDURE MEANS printed page 3.
NOTE: PROCEDURE MEANS used (Total process time):
      real time           0.07 seconds
      cpu time            0.03 seconds
      

11601  proc freq data=EMWS1.Assoc_RULES;
11602  table set_size;
11603  title9;
11604  title10 "%sysfunc(sasmsg(sashelp.dmine, rpt_sequence_title  , NOQUOTE))";
11605  run;

NOTE: There were 169 observations read from the data set EMWS1.ASSOC_RULES.
NOTE: The PROCEDURE FREQ printed page 4.
NOTE: PROCEDURE FREQ used (Total process time):
      real time           0.04 seconds
      cpu time            0.01 seconds
      

11606  title10;

11607  data EMWS1.Assoc_RULEMAP(keep=map rule);
11608  length map $8;
11609  label map = "%sysfunc(sasmsg(sashelp.dmine, rpt_map_vlabel,  NOQUOTE))";
11610  set EMWS1.Assoc_RULES;
11611  map = "RULE"!!left(trim(put(_n_, 12.0)));
11612  run;

NOTE: There were 169 observations read from the data set EMWS1.ASSOC_RULES.
NOTE: The data set EMWS1.ASSOC_RULEMAP has 169 observations and 2 variables.
NOTE: DATA statement used (Total process time):
      real time           0.00 seconds
      cpu time            0.01 seconds
      

